0 info it worked if it ends with ok
1 verbose cli [ 'node', '/usr/local/bin/npm', 'install', 'oracledb' ]
2 info using npm@2.11.3
3 info using node@v0.10.31
4 verbose node symlink /usr/local/bin/node
5 verbose install initial load of /Users/grecoj/imaps-ng/package.json
6 warn package.json imapsng@0.0.0 No repository field.
7 warn package.json imapsng@0.0.0 No license field.
8 verbose readDependencies loading dependencies from /Users/grecoj/imaps-ng/package.json
9 silly cache add args [ 'oracledb', null ]
10 verbose cache add spec oracledb
11 silly cache add parsed spec { raw: 'oracledb',
11 silly cache add   scope: null,
11 silly cache add   name: 'oracledb',
11 silly cache add   rawSpec: '',
11 silly cache add   spec: '*',
11 silly cache add   type: 'range' }
12 silly addNamed oracledb@*
13 verbose addNamed "*" is a valid semver range for oracledb
14 silly addNameRange { name: 'oracledb', range: '*', hasData: false }
15 silly mapToRegistry name oracledb
16 silly mapToRegistry using default registry
17 silly mapToRegistry registry https://registry.npmjs.org/
18 silly mapToRegistry uri https://registry.npmjs.org/oracledb
19 verbose addNameRange registry:https://registry.npmjs.org/oracledb not in flight; fetching
20 verbose request uri https://registry.npmjs.org/oracledb
21 verbose request no auth needed
22 info attempt registry request try #1 at 15:55:08
23 verbose request id 43cfebd125525ec4
24 http request GET https://registry.npmjs.org/oracledb
25 http 200 https://registry.npmjs.org/oracledb
26 silly get cb [ 200,
26 silly get   { server: 'CouchDB/1.5.0 (Erlang OTP/R16B03)',
26 silly get     etag: '"7E2Z3HVV8VCL8WTNO8BH9Q068"',
26 silly get     'content-type': 'application/json',
26 silly get     'cache-control': 'max-age=60',
26 silly get     'content-length': '18020',
26 silly get     'accept-ranges': 'bytes',
26 silly get     date: 'Tue, 08 Sep 2015 19:55:09 GMT',
26 silly get     via: '1.1 varnish',
26 silly get     age: '0',
26 silly get     connection: 'keep-alive',
26 silly get     'x-served-by': 'cache-jfk1022-JFK',
26 silly get     'x-cache': 'MISS',
26 silly get     'x-cache-hits': '0',
26 silly get     'x-timer': 'S1441742109.374666,VS0,VE82',
26 silly get     vary: 'Accept' } ]
27 verbose get saving oracledb to /Users/grecoj/.npm/registry.npmjs.org/oracledb/.cache.json
28 silly addNameRange number 2 { name: 'oracledb', range: '*', hasData: true }
29 silly addNameRange versions [ 'oracledb',
29 silly addNameRange   [ '0.2.4',
29 silly addNameRange     '0.3.1',
29 silly addNameRange     '0.4.1',
29 silly addNameRange     '0.4.2',
29 silly addNameRange     '0.5.0',
29 silly addNameRange     '0.6.0',
29 silly addNameRange     '0.7.0',
29 silly addNameRange     '1.0.0',
29 silly addNameRange     '1.1.0' ] ]
30 silly addNamed oracledb@1.1.0
31 verbose addNamed "1.1.0" is a plain semver version for oracledb
32 silly mapToRegistry name oracledb
33 silly mapToRegistry using default registry
34 silly mapToRegistry registry https://registry.npmjs.org/
35 silly mapToRegistry uri https://registry.npmjs.org/oracledb
36 verbose addRemoteTarball https://registry.npmjs.org/oracledb/-/oracledb-1.1.0.tgz not in flight; adding
37 verbose addRemoteTarball [ 'https://registry.npmjs.org/oracledb/-/oracledb-1.1.0.tgz',
37 verbose addRemoteTarball   '8158d0433908df3bc5d1ce142e9fb2c56fa8c882' ]
38 info retry fetch attempt 1 at 15:55:09
39 info attempt registry request try #1 at 15:55:09
40 http fetch GET https://registry.npmjs.org/oracledb/-/oracledb-1.1.0.tgz
41 http fetch 200 https://registry.npmjs.org/oracledb/-/oracledb-1.1.0.tgz
42 silly fetchAndShaCheck shasum 8158d0433908df3bc5d1ce142e9fb2c56fa8c882
43 verbose addTmpTarball /var/folders/2k/r2gt03gx0tg9nvqd1dp06zt00000gp/T/npm-15432-07d81da2/registry.npmjs.org/oracledb/-/oracledb-1.1.0.tgz not in flight; adding
44 verbose addTmpTarball already have metadata; skipping unpack for oracledb@1.1.0
45 silly cache afterAdd oracledb@1.1.0
46 verbose afterAdd /Users/grecoj/.npm/oracledb/1.1.0/package/package.json not in flight; writing
47 verbose afterAdd /Users/grecoj/.npm/oracledb/1.1.0/package/package.json written
48 silly install resolved [ { name: 'oracledb',
48 silly install resolved     version: '1.1.0',
48 silly install resolved     description: 'Oracle Database driver by Oracle Corp.',
48 silly install resolved     license: 'Apache-2.0',
48 silly install resolved     homepage: 'http://www.oracle.com/technetwork/database/database-technologies/node_js/index.html',
48 silly install resolved     keywords:
48 silly install resolved      [ 'oracledb',
48 silly install resolved        'dboracle',
48 silly install resolved        'Node.js',
48 silly install resolved        'SQL',
48 silly install resolved        'PL/SQL',
48 silly install resolved        'connection',
48 silly install resolved        'connectivity',
48 silly install resolved        'OCI',
48 silly install resolved        'client',
48 silly install resolved        'plugin',
48 silly install resolved        'library',
48 silly install resolved        'driver',
48 silly install resolved        'add-on',
48 silly install resolved        'extension',
48 silly install resolved        'binding',
48 silly install resolved        'interface',
48 silly install resolved        'adapter',
48 silly install resolved        'module',
48 silly install resolved        'DB',
48 silly install resolved        'official',
48 silly install resolved        'Database',
48 silly install resolved        'Oracle' ],
48 silly install resolved     repository:
48 silly install resolved      { type: 'git',
48 silly install resolved        url: 'git://github.com/oracle/node-oracledb.git' },
48 silly install resolved     dependencies: { nan: '^1.8.4' },
48 silly install resolved     devDependencies: { mocha: '~2.2.5', should: '~6.0.1', async: '~0.9.0' },
48 silly install resolved     scripts:
48 silly install resolved      { test: 'node_modules/mocha/bin/mocha -R spec --timeout 10000 test/*.js',
48 silly install resolved        install: 'node-gyp rebuild' },
48 silly install resolved     engines: { node: '>=0.10.28' },
48 silly install resolved     maintainers: [ [Object], [Object] ],
48 silly install resolved     bugs: { url: 'https://github.com/oracle/node-oracledb/issues' },
48 silly install resolved     main: './index.js',
48 silly install resolved     gypfile: true,
48 silly install resolved     _id: 'oracledb@1.1.0',
48 silly install resolved     _shasum: '8158d0433908df3bc5d1ce142e9fb2c56fa8c882',
48 silly install resolved     _resolved: 'https://registry.npmjs.org/oracledb/-/oracledb-1.1.0.tgz',
48 silly install resolved     _from: 'oracledb@*',
48 silly install resolved     _npmVersion: '2.12.1',
48 silly install resolved     _nodeVersion: '0.12.7',
48 silly install resolved     _npmUser: { name: 'cjbj', email: 'christopher.jones@oracle.com' },
48 silly install resolved     dist:
48 silly install resolved      { shasum: '8158d0433908df3bc5d1ce142e9fb2c56fa8c882',
48 silly install resolved        tarball: 'http://registry.npmjs.org/oracledb/-/oracledb-1.1.0.tgz' },
48 silly install resolved     directories: {} } ]
49 info install oracledb@1.1.0 into /Users/grecoj/imaps-ng
50 info installOne oracledb@1.1.0
51 verbose installOne of oracledb to /Users/grecoj/imaps-ng not in flight; installing
52 verbose lock using /Users/grecoj/.npm/_locks/oracledb-15de94183710cc12.lock for /Users/grecoj/imaps-ng/node_modules/oracledb
53 silly install write writing oracledb 1.1.0 to /Users/grecoj/imaps-ng/node_modules/oracledb
54 verbose unbuild node_modules/oracledb
55 silly gentlyRm /Users/grecoj/imaps-ng/node_modules/oracledb is being purged from base /Users/grecoj/imaps-ng
56 verbose gentlyRm don't care about contents; nuking /Users/grecoj/imaps-ng/node_modules/oracledb
57 verbose tar unpack /Users/grecoj/.npm/oracledb/1.1.0/package.tgz
58 verbose tar unpacking to /Users/grecoj/imaps-ng/node_modules/oracledb
59 silly gentlyRm /Users/grecoj/imaps-ng/node_modules/oracledb is being purged
60 verbose gentlyRm don't care about contents; nuking /Users/grecoj/imaps-ng/node_modules/oracledb
61 silly gunzTarPerm modes [ '755', '644' ]
62 silly gunzTarPerm extractEntry package.json
63 silly gunzTarPerm extractEntry README.md
64 silly gunzTarPerm extractEntry index.js
65 silly gunzTarPerm extractEntry CHANGELOG.md
66 silly gunzTarPerm extractEntry LICENSE.md
67 silly gunzTarPerm extractEntry binding.gyp
68 silly gunzTarPerm extractEntry lib/oracledb.js
69 silly gunzTarPerm extractEntry src/dpi/include/dpi.h
70 silly gunzTarPerm extractEntry src/dpi/include/dpiCommon.h
71 silly gunzTarPerm extractEntry src/dpi/include/dpiConn.h
72 silly gunzTarPerm extractEntry src/dpi/include/dpiDateTimeArray.h
73 silly gunzTarPerm extractEntry src/dpi/include/dpiEnv.h
74 silly gunzTarPerm extractEntry src/dpi/include/dpiException.h
75 silly gunzTarPerm extractEntry src/dpi/include/dpiLob.h
76 silly gunzTarPerm extractEntry src/dpi/include/dpiPool.h
77 silly gunzTarPerm extractEntry src/dpi/include/dpiStmt.h
78 silly gunzTarPerm extractEntry src/dpi/src/dpiExceptionImpl.cpp
79 silly gunzTarPerm extractEntry src/dpi/src/dpiConnImpl.cpp
80 silly gunzTarPerm extractEntry src/dpi/src/dpiDateTimeArrayImpl.cpp
81 silly gunzTarPerm extractEntry src/dpi/src/dpiDateTimeArrayImpl.h
82 silly gunzTarPerm extractEntry src/dpi/src/dpiEnv.cpp
83 silly gunzTarPerm extractEntry src/dpi/src/dpiEnvImpl.cpp
84 silly gunzTarPerm extractEntry src/dpi/src/dpiEnvImpl.h
85 silly gunzTarPerm extractEntry src/dpi/src/dpiException.cpp
86 silly gunzTarPerm extractEntry src/dpi/src/dpiConnImpl.h
87 silly gunzTarPerm extractEntry src/dpi/src/dpiExceptionImpl.h
88 silly gunzTarPerm extractEntry src/dpi/src/dpiLob.cpp
89 silly gunzTarPerm extractEntry src/dpi/src/dpiPoolImpl.cpp
90 silly gunzTarPerm extractEntry src/dpi/src/dpiPoolImpl.h
91 silly gunzTarPerm extractEntry src/dpi/src/dpiStmtImpl.cpp
92 silly gunzTarPerm extractEntry src/dpi/src/dpiStmtImpl.h
93 silly gunzTarPerm extractEntry src/dpi/src/dpiUtils.cpp
94 silly gunzTarPerm extractEntry src/dpi/src/dpiUtils.h
95 silly gunzTarPerm extractEntry src/njs/src/njsOracle.cpp
96 silly gunzTarPerm extractEntry src/njs/src/njsConnection.cpp
97 silly gunzTarPerm extractEntry src/njs/src/njsIntLob.cpp
98 silly gunzTarPerm extractEntry src/njs/src/njsIntLob.h
99 silly gunzTarPerm extractEntry src/njs/src/njsMessages.cpp
100 silly gunzTarPerm extractEntry src/njs/src/njsMessages.h
101 silly gunzTarPerm extractEntry src/njs/src/njsConnection.h
102 silly gunzTarPerm extractEntry src/njs/src/njsOracle.h
103 silly gunzTarPerm extractEntry src/njs/src/njsPool.cpp
104 silly gunzTarPerm extractEntry src/njs/src/njsPool.h
105 silly gunzTarPerm extractEntry src/njs/src/njsResultSet.cpp
106 silly gunzTarPerm extractEntry src/njs/src/njsResultSet.h
107 silly gunzTarPerm extractEntry src/njs/src/njsUtils.h
108 silly gunzTarPerm extractEntry test/README.md
109 silly gunzTarPerm extractEntry test/dataTypeNchar.js
110 silly gunzTarPerm extractEntry test/dataTypeNumber.js
111 silly gunzTarPerm extractEntry test/dataTypeNumber2.js
112 silly gunzTarPerm extractEntry test/dataTypeNvarchar2.js
113 silly gunzTarPerm extractEntry test/dataTypeFloat2.js
114 silly gunzTarPerm extractEntry test/accessTerminatedPoolAttributes.js
115 silly gunzTarPerm extractEntry test/dataTypeTimestamp2.js
116 silly gunzTarPerm extractEntry test/dataTypeTimestamp3.js
117 silly gunzTarPerm extractEntry test/dataTypeTimestamp4.js
118 silly gunzTarPerm extractEntry test/dataTypeTimestamp5.js
119 silly gunzTarPerm extractEntry test/dataTypeFloat.js
120 silly gunzTarPerm extractEntry test/dataTypeTimestamp6.js
121 silly gunzTarPerm extractEntry test/dataTypeDate.js
122 silly gunzTarPerm extractEntry test/dataTypeVarchar2.js
123 silly gunzTarPerm extractEntry test/dataTypeClob.js
124 silly gunzTarPerm extractEntry test/dbConfig.js
125 silly gunzTarPerm extractEntry test/dataTypeChar.js
126 silly gunzTarPerm extractEntry test/dmlReturning.js
127 silly gunzTarPerm extractEntry test/dataTypeBlob.js
128 silly gunzTarPerm extractEntry test/examples.js
129 silly gunzTarPerm extractEntry test/dataTypeBinaryFloat.js
130 silly gunzTarPerm extractEntry test/externalAuthentication.js
131 silly gunzTarPerm extractEntry test/dataTypeBinaryDouble.js
132 silly gunzTarPerm extractEntry test/fetchAs.js
133 silly gunzTarPerm extractEntry test/dataTypeAssist.js
134 silly gunzTarPerm extractEntry test/releaseAfterFailingTerminate.js
135 silly gunzTarPerm extractEntry test/connection.js
136 silly gunzTarPerm extractEntry test/getConnAfterPoolTerminate.js
137 silly gunzTarPerm extractEntry test/columnMetadata.js
138 silly gunzTarPerm extractEntry test/poolValidityAfterFailingTerminate.js
139 silly gunzTarPerm extractEntry test/resultSet1.js
140 silly gunzTarPerm extractEntry test/nestedCursor.js
141 silly gunzTarPerm extractEntry test/binding.js
142 silly gunzTarPerm extractEntry test/nullColumnValues.js
143 silly gunzTarPerm extractEntry test/autoCommitForSelect.js
144 silly gunzTarPerm extractEntry test/pool.js
145 silly gunzTarPerm extractEntry test/autoCommit.js
146 silly gunzTarPerm extractEntry test/poolTimeout.js
147 silly gunzTarPerm extractEntry test/dataTypeRowid.js
148 silly gunzTarPerm extractEntry test/resultSet2.js
149 silly gunzTarPerm extractEntry test/dataTypeTimestamp1.js
150 silly gunzTarPerm extractEntry test/list.txt
151 silly gunzTarPerm extractEntry test/fuzzydinosaur.jpg
152 silly gunzTarPerm extractEntry test/clobexample.txt
153 verbose write writing to /Users/grecoj/imaps-ng/node_modules/oracledb/package.json
154 info preinstall oracledb@1.1.0
155 verbose readDependencies loading dependencies from /Users/grecoj/imaps-ng/node_modules/oracledb/package.json
156 silly prepareForInstallMany adding nan@^1.8.4 from oracledb dependencies
157 verbose readDependencies loading dependencies from /Users/grecoj/imaps-ng/node_modules/oracledb/package.json
158 silly cache add args [ 'nan@^1.8.4', null ]
159 verbose cache add spec nan@^1.8.4
160 silly cache add parsed spec { raw: 'nan@^1.8.4',
160 silly cache add   scope: null,
160 silly cache add   name: 'nan',
160 silly cache add   rawSpec: '^1.8.4',
160 silly cache add   spec: '>=1.8.4 <2.0.0',
160 silly cache add   type: 'range' }
161 silly addNamed nan@>=1.8.4 <2.0.0
162 verbose addNamed ">=1.8.4 <2.0.0" is a valid semver range for nan
163 silly addNameRange { name: 'nan', range: '>=1.8.4 <2.0.0', hasData: false }
164 silly mapToRegistry name nan
165 silly mapToRegistry using default registry
166 silly mapToRegistry registry https://registry.npmjs.org/
167 silly mapToRegistry uri https://registry.npmjs.org/nan
168 verbose addNameRange registry:https://registry.npmjs.org/nan not in flight; fetching
169 verbose request uri https://registry.npmjs.org/nan
170 verbose request no auth needed
171 info attempt registry request try #1 at 15:55:10
172 verbose etag "9NBRJS9FUTSYWL0Z7O1C3BM8C"
173 http request GET https://registry.npmjs.org/nan
174 http 200 https://registry.npmjs.org/nan
175 silly get cb [ 200,
175 silly get   { server: 'CouchDB/1.5.0 (Erlang OTP/R16B03)',
175 silly get     etag: '"5QZ9OTE3WP46Y8OFHIB2FDZH9"',
175 silly get     'content-type': 'application/json',
175 silly get     'cache-control': 'max-age=60',
175 silly get     'content-length': '95965',
175 silly get     'accept-ranges': 'bytes',
175 silly get     date: 'Tue, 08 Sep 2015 19:55:10 GMT',
175 silly get     via: '1.1 varnish',
175 silly get     age: '40',
175 silly get     connection: 'keep-alive',
175 silly get     'x-served-by': 'cache-jfk1030-JFK',
175 silly get     'x-cache': 'HIT',
175 silly get     'x-cache-hits': '2',
175 silly get     'x-timer': 'S1441742110.857404,VS0,VE0',
175 silly get     vary: 'Accept' } ]
176 verbose get saving nan to /Users/grecoj/.npm/registry.npmjs.org/nan/.cache.json
177 silly addNameRange number 2 { name: 'nan', range: '>=1.8.4 <2.0.0', hasData: true }
178 silly addNameRange versions [ 'nan',
178 silly addNameRange   [ '0.3.0-wip',
178 silly addNameRange     '0.3.0-wip2',
178 silly addNameRange     '0.3.0',
178 silly addNameRange     '0.3.1',
178 silly addNameRange     '0.3.2',
178 silly addNameRange     '0.4.0',
178 silly addNameRange     '0.4.1',
178 silly addNameRange     '0.4.2',
178 silly addNameRange     '0.4.3',
178 silly addNameRange     '0.4.4',
178 silly addNameRange     '0.5.0',
178 silly addNameRange     '0.5.1',
178 silly addNameRange     '0.5.2',
178 silly addNameRange     '0.6.0',
178 silly addNameRange     '0.7.0',
178 silly addNameRange     '0.7.1',
178 silly addNameRange     '0.8.0',
178 silly addNameRange     '1.0.0',
178 silly addNameRange     '1.1.0',
178 silly addNameRange     '1.1.1',
178 silly addNameRange     '1.1.2',
178 silly addNameRange     '1.2.0',
178 silly addNameRange     '1.3.0',
178 silly addNameRange     '1.4.0',
178 silly addNameRange     '1.4.1',
178 silly addNameRange     '1.5.0',
178 silly addNameRange     '1.4.2',
178 silly addNameRange     '1.4.3',
178 silly addNameRange     '1.5.1',
178 silly addNameRange     '1.5.2',
178 silly addNameRange     '1.6.0',
178 silly addNameRange     '1.5.3',
178 silly addNameRange     '1.6.1',
178 silly addNameRange     '1.6.2',
178 silly addNameRange     '1.7.0',
178 silly addNameRange     '1.8.0',
178 silly addNameRange     '1.8.1',
178 silly addNameRange     '1.8.2',
178 silly addNameRange     '1.8.3',
178 silly addNameRange     '1.8.4',
178 silly addNameRange     '1.9.0',
178 silly addNameRange     '2.0.0',
178 silly addNameRange     '2.0.1',
178 silly addNameRange     '2.0.2',
178 silly addNameRange     '2.0.3',
178 silly addNameRange     '2.0.4',
178 silly addNameRange     '2.0.5',
178 silly addNameRange     '2.0.6',
178 silly addNameRange     '2.0.7',
178 silly addNameRange     '2.0.8' ] ]
179 silly addNamed nan@1.9.0
180 verbose addNamed "1.9.0" is a plain semver version for nan
181 silly mapToRegistry name nan
182 silly mapToRegistry using default registry
183 silly mapToRegistry registry https://registry.npmjs.org/
184 silly mapToRegistry uri https://registry.npmjs.org/nan
185 verbose addRemoteTarball https://registry.npmjs.org/nan/-/nan-1.9.0.tgz not in flight; adding
186 verbose addRemoteTarball [ 'https://registry.npmjs.org/nan/-/nan-1.9.0.tgz',
186 verbose addRemoteTarball   '1a9cd2755609766f5c291e4194fce39fde286515' ]
187 info retry fetch attempt 1 at 15:55:10
188 info attempt registry request try #1 at 15:55:10
189 http fetch GET https://registry.npmjs.org/nan/-/nan-1.9.0.tgz
190 http fetch 200 https://registry.npmjs.org/nan/-/nan-1.9.0.tgz
191 silly fetchAndShaCheck shasum 1a9cd2755609766f5c291e4194fce39fde286515
192 verbose addTmpTarball /var/folders/2k/r2gt03gx0tg9nvqd1dp06zt00000gp/T/npm-15432-07d81da2/registry.npmjs.org/nan/-/nan-1.9.0.tgz not in flight; adding
193 verbose addTmpTarball already have metadata; skipping unpack for nan@1.9.0
194 silly cache afterAdd nan@1.9.0
195 verbose afterAdd /Users/grecoj/.npm/nan/1.9.0/package/package.json not in flight; writing
196 verbose afterAdd /Users/grecoj/.npm/nan/1.9.0/package/package.json written
197 silly install resolved [ { name: 'nan',
197 silly install resolved     version: '1.9.0',
197 silly install resolved     description: 'Native Abstractions for Node.js: C++ header for Node 0.8->0.12 compatibility',
197 silly install resolved     main: 'include_dirs.js',
197 silly install resolved     repository: { type: 'git', url: 'git://github.com/nodejs/nan.git' },
197 silly install resolved     scripts:
197 silly install resolved      { test: 'tap --gc test/js/*-test.js',
197 silly install resolved        'rebuild-tests': 'pangyp rebuild --msvs_version=2013 --directory test' },
197 silly install resolved     contributors:
197 silly install resolved      [ [Object],
197 silly install resolved        [Object],
197 silly install resolved        [Object],
197 silly install resolved        [Object],
197 silly install resolved        [Object],
197 silly install resolved        [Object],
197 silly install resolved        [Object] ],
197 silly install resolved     devDependencies:
197 silly install resolved      { bindings: '~1.2.1',
197 silly install resolved        'node-gyp': '~2.0.2',
197 silly install resolved        pangyp: '~2.2.0',
197 silly install resolved        tap: '~0.7.1',
197 silly install resolved        xtend: '~4.0.0' },
197 silly install resolved     license: 'MIT',
197 silly install resolved     gitHead: '399b3a54ada39a7cf7a11978ea727eae3686666e',
197 silly install resolved     bugs: { url: 'https://github.com/nodejs/nan/issues' },
197 silly install resolved     homepage: 'https://github.com/nodejs/nan#readme',
197 silly install resolved     _id: 'nan@1.9.0',
197 silly install resolved     _shasum: '1a9cd2755609766f5c291e4194fce39fde286515',
197 silly install resolved     _from: 'nan@>=1.8.4 <2.0.0',
197 silly install resolved     _npmVersion: '2.13.3',
197 silly install resolved     _nodeVersion: '0.12.2',
197 silly install resolved     _npmUser: { name: 'kkoopa', email: 'bbyholm@abo.fi' },
197 silly install resolved     maintainers: [ [Object], [Object] ],
197 silly install resolved     dist:
197 silly install resolved      { shasum: '1a9cd2755609766f5c291e4194fce39fde286515',
197 silly install resolved        tarball: 'http://registry.npmjs.org/nan/-/nan-1.9.0.tgz' },
197 silly install resolved     directories: {},
197 silly install resolved     _resolved: 'https://registry.npmjs.org/nan/-/nan-1.9.0.tgz' } ]
198 info install nan@1.9.0 into /Users/grecoj/imaps-ng/node_modules/oracledb
199 info installOne nan@1.9.0
200 verbose installOne of nan to /Users/grecoj/imaps-ng/node_modules/oracledb not in flight; installing
201 verbose lock using /Users/grecoj/.npm/_locks/nan-14b61bad52dcf471.lock for /Users/grecoj/imaps-ng/node_modules/oracledb/node_modules/nan
202 silly install write writing nan 1.9.0 to /Users/grecoj/imaps-ng/node_modules/oracledb/node_modules/nan
203 verbose unbuild node_modules/oracledb/node_modules/nan
204 silly gentlyRm /Users/grecoj/imaps-ng/node_modules/oracledb/node_modules/nan is being purged from base /Users/grecoj/imaps-ng
205 verbose gentlyRm don't care about contents; nuking /Users/grecoj/imaps-ng/node_modules/oracledb/node_modules/nan
206 verbose tar unpack /Users/grecoj/.npm/nan/1.9.0/package.tgz
207 verbose tar unpacking to /Users/grecoj/imaps-ng/node_modules/oracledb/node_modules/nan
208 silly gentlyRm /Users/grecoj/imaps-ng/node_modules/oracledb/node_modules/nan is being purged
209 verbose gentlyRm don't care about contents; nuking /Users/grecoj/imaps-ng/node_modules/oracledb/node_modules/nan
210 silly gunzTarPerm modes [ '755', '644' ]
211 silly gunzTarPerm extractEntry package.json
212 silly gunzTarPerm modified mode [ 'package.json', 436, 420 ]
213 silly gunzTarPerm extractEntry README.md
214 silly gunzTarPerm modified mode [ 'README.md', 436, 420 ]
215 silly gunzTarPerm extractEntry include_dirs.js
216 silly gunzTarPerm modified mode [ 'include_dirs.js', 436, 420 ]
217 silly gunzTarPerm extractEntry LICENSE.md
218 silly gunzTarPerm modified mode [ 'LICENSE.md', 436, 420 ]
219 silly gunzTarPerm extractEntry .dntrc
220 silly gunzTarPerm modified mode [ '.dntrc', 436, 420 ]
221 silly gunzTarPerm extractEntry appveyor.yml
222 silly gunzTarPerm modified mode [ 'appveyor.yml', 436, 420 ]
223 silly gunzTarPerm extractEntry nan.h
224 silly gunzTarPerm modified mode [ 'nan.h', 436, 420 ]
225 silly gunzTarPerm extractEntry nan_implementation_12_inl.h
226 silly gunzTarPerm modified mode [ 'nan_implementation_12_inl.h', 436, 420 ]
227 silly gunzTarPerm extractEntry nan_implementation_pre_12_inl.h
228 silly gunzTarPerm modified mode [ 'nan_implementation_pre_12_inl.h', 436, 420 ]
229 silly gunzTarPerm extractEntry nan_new.h
230 silly gunzTarPerm modified mode [ 'nan_new.h', 436, 420 ]
231 silly gunzTarPerm extractEntry nan_string_bytes.h
232 silly gunzTarPerm modified mode [ 'nan_string_bytes.h', 436, 420 ]
233 silly gunzTarPerm extractEntry CHANGELOG.md
234 silly gunzTarPerm modified mode [ 'CHANGELOG.md', 436, 420 ]
235 silly gunzTarPerm extractEntry tools/node_modules/commander/package.json
236 silly gunzTarPerm modified mode [ 'tools/node_modules/commander/package.json', 436, 420 ]
237 silly gunzTarPerm extractEntry tools/node_modules/commander/LICENSE
238 silly gunzTarPerm modified mode [ 'tools/node_modules/commander/LICENSE', 436, 420 ]
239 silly gunzTarPerm extractEntry tools/node_modules/commander/index.js
240 silly gunzTarPerm modified mode [ 'tools/node_modules/commander/index.js', 436, 420 ]
241 silly gunzTarPerm extractEntry tools/node_modules/commander/History.md
242 silly gunzTarPerm modified mode [ 'tools/node_modules/commander/History.md', 436, 420 ]
243 silly gunzTarPerm extractEntry tools/node_modules/commander/Readme.md
244 silly gunzTarPerm modified mode [ 'tools/node_modules/commander/Readme.md', 436, 420 ]
245 silly gunzTarPerm extractEntry tools/node_modules/commander/node_modules/graceful-readlink/package.json
246 silly gunzTarPerm modified mode [ 'tools/node_modules/commander/node_modules/graceful-readlink/package.json',
246 silly gunzTarPerm   436,
246 silly gunzTarPerm   420 ]
247 silly gunzTarPerm extractEntry tools/node_modules/commander/node_modules/graceful-readlink/.npmignore
248 silly gunzTarPerm modified mode [ 'tools/node_modules/commander/node_modules/graceful-readlink/.npmignore',
248 silly gunzTarPerm   436,
248 silly gunzTarPerm   420 ]
249 silly gunzTarPerm extractEntry tools/node_modules/commander/node_modules/graceful-readlink/README.md
250 silly gunzTarPerm modified mode [ 'tools/node_modules/commander/node_modules/graceful-readlink/README.md',
250 silly gunzTarPerm   436,
250 silly gunzTarPerm   420 ]
251 silly gunzTarPerm extractEntry tools/node_modules/commander/node_modules/graceful-readlink/LICENSE
252 silly gunzTarPerm modified mode [ 'tools/node_modules/commander/node_modules/graceful-readlink/LICENSE',
252 silly gunzTarPerm   436,
252 silly gunzTarPerm   420 ]
253 silly gunzTarPerm extractEntry tools/node_modules/commander/node_modules/graceful-readlink/index.js
254 silly gunzTarPerm modified mode [ 'tools/node_modules/commander/node_modules/graceful-readlink/index.js',
254 silly gunzTarPerm   436,
254 silly gunzTarPerm   420 ]
255 silly gunzTarPerm extractEntry tools/node_modules/commander/node_modules/graceful-readlink/.travis.yml
256 silly gunzTarPerm modified mode [ 'tools/node_modules/commander/node_modules/graceful-readlink/.travis.yml',
256 silly gunzTarPerm   436,
256 silly gunzTarPerm   420 ]
257 silly gunzTarPerm extractEntry tools/node_modules/glob/package.json
258 silly gunzTarPerm modified mode [ 'tools/node_modules/glob/package.json', 436, 420 ]
259 silly gunzTarPerm extractEntry tools/node_modules/glob/README.md
260 silly gunzTarPerm modified mode [ 'tools/node_modules/glob/README.md', 436, 420 ]
261 silly gunzTarPerm extractEntry tools/node_modules/glob/LICENSE
262 silly gunzTarPerm modified mode [ 'tools/node_modules/glob/LICENSE', 436, 420 ]
263 silly gunzTarPerm extractEntry tools/node_modules/glob/common.js
264 silly gunzTarPerm modified mode [ 'tools/node_modules/glob/common.js', 436, 420 ]
265 silly gunzTarPerm extractEntry tools/node_modules/glob/glob.js
266 silly gunzTarPerm modified mode [ 'tools/node_modules/glob/glob.js', 436, 420 ]
267 silly gunzTarPerm extractEntry tools/node_modules/glob/sync.js
268 silly gunzTarPerm modified mode [ 'tools/node_modules/glob/sync.js', 436, 420 ]
269 silly gunzTarPerm extractEntry tools/node_modules/glob/node_modules/inflight/package.json
270 silly gunzTarPerm modified mode [ 'tools/node_modules/glob/node_modules/inflight/package.json',
270 silly gunzTarPerm   436,
270 silly gunzTarPerm   420 ]
271 silly gunzTarPerm extractEntry tools/node_modules/glob/node_modules/inflight/README.md
272 silly gunzTarPerm modified mode [ 'tools/node_modules/glob/node_modules/inflight/README.md',
272 silly gunzTarPerm   436,
272 silly gunzTarPerm   420 ]
273 silly gunzTarPerm extractEntry tools/node_modules/glob/node_modules/inflight/LICENSE
274 silly gunzTarPerm modified mode [ 'tools/node_modules/glob/node_modules/inflight/LICENSE',
274 silly gunzTarPerm   436,
274 silly gunzTarPerm   420 ]
275 silly gunzTarPerm extractEntry tools/node_modules/glob/node_modules/inflight/inflight.js
276 silly gunzTarPerm modified mode [ 'tools/node_modules/glob/node_modules/inflight/inflight.js',
276 silly gunzTarPerm   436,
276 silly gunzTarPerm   420 ]
277 silly gunzTarPerm extractEntry tools/node_modules/glob/node_modules/inflight/test.js
278 silly gunzTarPerm modified mode [ 'tools/node_modules/glob/node_modules/inflight/test.js',
278 silly gunzTarPerm   436,
278 silly gunzTarPerm   420 ]
279 silly gunzTarPerm extractEntry tools/node_modules/glob/node_modules/inflight/.eslintrc
280 silly gunzTarPerm modified mode [ 'tools/node_modules/glob/node_modules/inflight/.eslintrc',
280 silly gunzTarPerm   436,
280 silly gunzTarPerm   420 ]
281 silly gunzTarPerm extractEntry tools/node_modules/glob/node_modules/inflight/node_modules/wrappy/package.json
282 silly gunzTarPerm modified mode [ 'tools/node_modules/glob/node_modules/inflight/node_modules/wrappy/package.json',
282 silly gunzTarPerm   436,
282 silly gunzTarPerm   420 ]
283 silly gunzTarPerm extractEntry tools/node_modules/glob/node_modules/inflight/node_modules/wrappy/README.md
284 silly gunzTarPerm modified mode [ 'tools/node_modules/glob/node_modules/inflight/node_modules/wrappy/README.md',
284 silly gunzTarPerm   436,
284 silly gunzTarPerm   420 ]
285 silly gunzTarPerm extractEntry tools/node_modules/glob/node_modules/inflight/node_modules/wrappy/LICENSE
286 silly gunzTarPerm modified mode [ 'tools/node_modules/glob/node_modules/inflight/node_modules/wrappy/LICENSE',
286 silly gunzTarPerm   436,
286 silly gunzTarPerm   420 ]
287 silly gunzTarPerm extractEntry tools/node_modules/glob/node_modules/inflight/node_modules/wrappy/wrappy.js
288 silly gunzTarPerm modified mode [ 'tools/node_modules/glob/node_modules/inflight/node_modules/wrappy/wrappy.js',
288 silly gunzTarPerm   436,
288 silly gunzTarPerm   420 ]
289 silly gunzTarPerm extractEntry tools/node_modules/glob/node_modules/inflight/node_modules/wrappy/test/basic.js
290 silly gunzTarPerm modified mode [ 'tools/node_modules/glob/node_modules/inflight/node_modules/wrappy/test/basic.js',
290 silly gunzTarPerm   436,
290 silly gunzTarPerm   420 ]
291 silly gunzTarPerm extractEntry tools/node_modules/glob/node_modules/inherits/package.json
292 silly gunzTarPerm modified mode [ 'tools/node_modules/glob/node_modules/inherits/package.json',
292 silly gunzTarPerm   436,
292 silly gunzTarPerm   420 ]
293 silly gunzTarPerm extractEntry tools/node_modules/glob/node_modules/inherits/README.md
294 silly gunzTarPerm modified mode [ 'tools/node_modules/glob/node_modules/inherits/README.md',
294 silly gunzTarPerm   436,
294 silly gunzTarPerm   420 ]
295 silly gunzTarPerm extractEntry tools/node_modules/glob/node_modules/inherits/LICENSE
296 silly gunzTarPerm modified mode [ 'tools/node_modules/glob/node_modules/inherits/LICENSE',
296 silly gunzTarPerm   436,
296 silly gunzTarPerm   420 ]
297 silly gunzTarPerm extractEntry tools/node_modules/glob/node_modules/inherits/inherits.js
298 silly gunzTarPerm modified mode [ 'tools/node_modules/glob/node_modules/inherits/inherits.js',
298 silly gunzTarPerm   436,
298 silly gunzTarPerm   420 ]
299 silly gunzTarPerm extractEntry tools/node_modules/glob/node_modules/inherits/inherits_browser.js
300 silly gunzTarPerm modified mode [ 'tools/node_modules/glob/node_modules/inherits/inherits_browser.js',
300 silly gunzTarPerm   436,
300 silly gunzTarPerm   420 ]
301 silly gunzTarPerm extractEntry tools/node_modules/glob/node_modules/inherits/test.js
302 silly gunzTarPerm modified mode [ 'tools/node_modules/glob/node_modules/inherits/test.js',
302 silly gunzTarPerm   436,
302 silly gunzTarPerm   420 ]
303 silly gunzTarPerm extractEntry tools/node_modules/glob/node_modules/minimatch/package.json
304 silly gunzTarPerm modified mode [ 'tools/node_modules/glob/node_modules/minimatch/package.json',
304 silly gunzTarPerm   436,
304 silly gunzTarPerm   420 ]
305 silly gunzTarPerm extractEntry tools/node_modules/glob/node_modules/minimatch/README.md
306 silly gunzTarPerm modified mode [ 'tools/node_modules/glob/node_modules/minimatch/README.md',
306 silly gunzTarPerm   436,
306 silly gunzTarPerm   420 ]
307 silly gunzTarPerm extractEntry tools/node_modules/glob/node_modules/minimatch/LICENSE
308 silly gunzTarPerm modified mode [ 'tools/node_modules/glob/node_modules/minimatch/LICENSE',
308 silly gunzTarPerm   436,
308 silly gunzTarPerm   420 ]
309 silly gunzTarPerm extractEntry tools/node_modules/glob/node_modules/minimatch/browser.js
310 silly gunzTarPerm modified mode [ 'tools/node_modules/glob/node_modules/minimatch/browser.js',
310 silly gunzTarPerm   436,
310 silly gunzTarPerm   420 ]
311 silly gunzTarPerm extractEntry tools/node_modules/glob/node_modules/minimatch/minimatch.js
312 silly gunzTarPerm modified mode [ 'tools/node_modules/glob/node_modules/minimatch/minimatch.js',
312 silly gunzTarPerm   436,
312 silly gunzTarPerm   420 ]
313 silly gunzTarPerm extractEntry tools/node_modules/glob/node_modules/minimatch/node_modules/brace-expansion/package.json
314 silly gunzTarPerm modified mode [ 'tools/node_modules/glob/node_modules/minimatch/node_modules/brace-expansion/package.json',
314 silly gunzTarPerm   436,
314 silly gunzTarPerm   420 ]
315 silly gunzTarPerm extractEntry tools/node_modules/glob/node_modules/minimatch/node_modules/brace-expansion/.npmignore
316 silly gunzTarPerm modified mode [ 'tools/node_modules/glob/node_modules/minimatch/node_modules/brace-expansion/.npmignore',
316 silly gunzTarPerm   436,
316 silly gunzTarPerm   420 ]
317 silly gunzTarPerm extractEntry tools/node_modules/glob/node_modules/minimatch/node_modules/brace-expansion/README.md
318 silly gunzTarPerm modified mode [ 'tools/node_modules/glob/node_modules/minimatch/node_modules/brace-expansion/README.md',
318 silly gunzTarPerm   436,
318 silly gunzTarPerm   420 ]
319 silly gunzTarPerm extractEntry tools/node_modules/glob/node_modules/minimatch/node_modules/brace-expansion/example.js
320 silly gunzTarPerm modified mode [ 'tools/node_modules/glob/node_modules/minimatch/node_modules/brace-expansion/example.js',
320 silly gunzTarPerm   436,
320 silly gunzTarPerm   420 ]
321 silly gunzTarPerm extractEntry tools/node_modules/glob/node_modules/minimatch/node_modules/brace-expansion/index.js
322 silly gunzTarPerm modified mode [ 'tools/node_modules/glob/node_modules/minimatch/node_modules/brace-expansion/index.js',
322 silly gunzTarPerm   436,
322 silly gunzTarPerm   420 ]
323 silly gunzTarPerm extractEntry tools/node_modules/glob/node_modules/minimatch/node_modules/brace-expansion/.travis.yml
324 silly gunzTarPerm modified mode [ 'tools/node_modules/glob/node_modules/minimatch/node_modules/brace-expansion/.travis.yml',
324 silly gunzTarPerm   436,
324 silly gunzTarPerm   420 ]
325 silly gunzTarPerm extractEntry tools/node_modules/glob/node_modules/minimatch/node_modules/brace-expansion/test/bash-comparison.js
326 silly gunzTarPerm modified mode [ 'tools/node_modules/glob/node_modules/minimatch/node_modules/brace-expansion/test/bash-comparison.js',
326 silly gunzTarPerm   436,
326 silly gunzTarPerm   420 ]
327 silly gunzTarPerm extractEntry tools/node_modules/glob/node_modules/minimatch/node_modules/brace-expansion/test/same-type.js
328 silly gunzTarPerm modified mode [ 'tools/node_modules/glob/node_modules/minimatch/node_modules/brace-expansion/test/same-type.js',
328 silly gunzTarPerm   436,
328 silly gunzTarPerm   420 ]
329 silly gunzTarPerm extractEntry tools/node_modules/glob/node_modules/minimatch/node_modules/brace-expansion/test/dollar.js
330 silly gunzTarPerm modified mode [ 'tools/node_modules/glob/node_modules/minimatch/node_modules/brace-expansion/test/dollar.js',
330 silly gunzTarPerm   436,
330 silly gunzTarPerm   420 ]
331 silly gunzTarPerm extractEntry tools/node_modules/glob/node_modules/minimatch/node_modules/brace-expansion/test/empty-option.js
332 silly gunzTarPerm modified mode [ 'tools/node_modules/glob/node_modules/minimatch/node_modules/brace-expansion/test/empty-option.js',
332 silly gunzTarPerm   436,
332 silly gunzTarPerm   420 ]
333 silly gunzTarPerm extractEntry tools/node_modules/glob/node_modules/minimatch/node_modules/brace-expansion/test/pad.js
334 silly gunzTarPerm modified mode [ 'tools/node_modules/glob/node_modules/minimatch/node_modules/brace-expansion/test/pad.js',
334 silly gunzTarPerm   436,
334 silly gunzTarPerm   420 ]
335 silly gunzTarPerm extractEntry tools/node_modules/glob/node_modules/minimatch/node_modules/brace-expansion/test/order.js
336 silly gunzTarPerm modified mode [ 'tools/node_modules/glob/node_modules/minimatch/node_modules/brace-expansion/test/order.js',
336 silly gunzTarPerm   436,
336 silly gunzTarPerm   420 ]
337 silly gunzTarPerm extractEntry tools/node_modules/glob/node_modules/minimatch/node_modules/brace-expansion/test/nested.js
338 silly gunzTarPerm modified mode [ 'tools/node_modules/glob/node_modules/minimatch/node_modules/brace-expansion/test/nested.js',
338 silly gunzTarPerm   436,
338 silly gunzTarPerm   420 ]
339 silly gunzTarPerm extractEntry tools/node_modules/glob/node_modules/minimatch/node_modules/brace-expansion/test/sequence.js
340 silly gunzTarPerm modified mode [ 'tools/node_modules/glob/node_modules/minimatch/node_modules/brace-expansion/test/sequence.js',
340 silly gunzTarPerm   436,
340 silly gunzTarPerm   420 ]
341 silly gunzTarPerm extractEntry tools/node_modules/glob/node_modules/minimatch/node_modules/brace-expansion/test/negative-increment.js
342 silly gunzTarPerm modified mode [ 'tools/node_modules/glob/node_modules/minimatch/node_modules/brace-expansion/test/negative-increment.js',
342 silly gunzTarPerm   436,
342 silly gunzTarPerm   420 ]
343 silly gunzTarPerm extractEntry tools/node_modules/glob/node_modules/minimatch/node_modules/brace-expansion/test/bash-results.txt
344 silly gunzTarPerm modified mode [ 'tools/node_modules/glob/node_modules/minimatch/node_modules/brace-expansion/test/bash-results.txt',
344 silly gunzTarPerm   436,
344 silly gunzTarPerm   420 ]
345 silly gunzTarPerm extractEntry tools/node_modules/glob/node_modules/minimatch/node_modules/brace-expansion/test/generate.sh
346 silly gunzTarPerm modified mode [ 'tools/node_modules/glob/node_modules/minimatch/node_modules/brace-expansion/test/generate.sh',
346 silly gunzTarPerm   436,
346 silly gunzTarPerm   420 ]
347 silly gunzTarPerm extractEntry tools/node_modules/glob/node_modules/minimatch/node_modules/brace-expansion/test/cases.txt
348 silly gunzTarPerm modified mode [ 'tools/node_modules/glob/node_modules/minimatch/node_modules/brace-expansion/test/cases.txt',
348 silly gunzTarPerm   436,
348 silly gunzTarPerm   420 ]
349 silly gunzTarPerm extractEntry tools/node_modules/glob/node_modules/minimatch/node_modules/brace-expansion/node_modules/balanced-match/package.json
350 silly gunzTarPerm modified mode [ 'tools/node_modules/glob/node_modules/minimatch/node_modules/brace-expansion/node_modules/balanced-match/package.json',
350 silly gunzTarPerm   436,
350 silly gunzTarPerm   420 ]
351 silly gunzTarPerm extractEntry tools/node_modules/glob/node_modules/minimatch/node_modules/brace-expansion/node_modules/balanced-match/.npmignore
352 silly gunzTarPerm modified mode [ 'tools/node_modules/glob/node_modules/minimatch/node_modules/brace-expansion/node_modules/balanced-match/.npmignore',
352 silly gunzTarPerm   436,
352 silly gunzTarPerm   420 ]
353 silly gunzTarPerm extractEntry tools/node_modules/glob/node_modules/minimatch/node_modules/brace-expansion/node_modules/balanced-match/README.md
354 silly gunzTarPerm modified mode [ 'tools/node_modules/glob/node_modules/minimatch/node_modules/brace-expansion/node_modules/balanced-match/README.md',
354 silly gunzTarPerm   436,
354 silly gunzTarPerm   420 ]
355 silly gunzTarPerm extractEntry tools/node_modules/glob/node_modules/minimatch/node_modules/brace-expansion/node_modules/balanced-match/example.js
356 silly gunzTarPerm modified mode [ 'tools/node_modules/glob/node_modules/minimatch/node_modules/brace-expansion/node_modules/balanced-match/example.js',
356 silly gunzTarPerm   436,
356 silly gunzTarPerm   420 ]
357 silly gunzTarPerm extractEntry tools/node_modules/glob/node_modules/minimatch/node_modules/brace-expansion/node_modules/balanced-match/index.js
358 silly gunzTarPerm modified mode [ 'tools/node_modules/glob/node_modules/minimatch/node_modules/brace-expansion/node_modules/balanced-match/index.js',
358 silly gunzTarPerm   436,
358 silly gunzTarPerm   420 ]
359 silly gunzTarPerm extractEntry tools/node_modules/glob/node_modules/minimatch/node_modules/brace-expansion/node_modules/balanced-match/.travis.yml
360 silly gunzTarPerm modified mode [ 'tools/node_modules/glob/node_modules/minimatch/node_modules/brace-expansion/node_modules/balanced-match/.travis.yml',
360 silly gunzTarPerm   436,
360 silly gunzTarPerm   420 ]
361 silly gunzTarPerm extractEntry tools/node_modules/glob/node_modules/minimatch/node_modules/brace-expansion/node_modules/balanced-match/Makefile
362 silly gunzTarPerm modified mode [ 'tools/node_modules/glob/node_modules/minimatch/node_modules/brace-expansion/node_modules/balanced-match/Makefile',
362 silly gunzTarPerm   436,
362 silly gunzTarPerm   420 ]
363 silly gunzTarPerm extractEntry tools/node_modules/glob/node_modules/minimatch/node_modules/brace-expansion/node_modules/balanced-match/test/balanced.js
364 silly gunzTarPerm modified mode [ 'tools/node_modules/glob/node_modules/minimatch/node_modules/brace-expansion/node_modules/balanced-match/test/balanced.js',
364 silly gunzTarPerm   436,
364 silly gunzTarPerm   420 ]
365 silly gunzTarPerm extractEntry tools/node_modules/glob/node_modules/minimatch/node_modules/brace-expansion/node_modules/concat-map/package.json
366 silly gunzTarPerm modified mode [ 'tools/node_modules/glob/node_modules/minimatch/node_modules/brace-expansion/node_modules/concat-map/package.json',
366 silly gunzTarPerm   436,
366 silly gunzTarPerm   420 ]
367 silly gunzTarPerm extractEntry tools/node_modules/glob/node_modules/minimatch/node_modules/brace-expansion/node_modules/concat-map/LICENSE
368 silly gunzTarPerm modified mode [ 'tools/node_modules/glob/node_modules/minimatch/node_modules/brace-expansion/node_modules/concat-map/LICENSE',
368 silly gunzTarPerm   436,
368 silly gunzTarPerm   420 ]
369 silly gunzTarPerm extractEntry tools/node_modules/glob/node_modules/minimatch/node_modules/brace-expansion/node_modules/concat-map/index.js
370 silly gunzTarPerm modified mode [ 'tools/node_modules/glob/node_modules/minimatch/node_modules/brace-expansion/node_modules/concat-map/index.js',
370 silly gunzTarPerm   436,
370 silly gunzTarPerm   420 ]
371 silly gunzTarPerm extractEntry tools/node_modules/glob/node_modules/minimatch/node_modules/brace-expansion/node_modules/concat-map/.travis.yml
372 silly gunzTarPerm modified mode [ 'tools/node_modules/glob/node_modules/minimatch/node_modules/brace-expansion/node_modules/concat-map/.travis.yml',
372 silly gunzTarPerm   436,
372 silly gunzTarPerm   420 ]
373 silly gunzTarPerm extractEntry tools/node_modules/glob/node_modules/minimatch/node_modules/brace-expansion/node_modules/concat-map/README.markdown
374 silly gunzTarPerm modified mode [ 'tools/node_modules/glob/node_modules/minimatch/node_modules/brace-expansion/node_modules/concat-map/README.markdown',
374 silly gunzTarPerm   436,
374 silly gunzTarPerm   420 ]
375 silly gunzTarPerm extractEntry tools/node_modules/glob/node_modules/minimatch/node_modules/brace-expansion/node_modules/concat-map/example/map.js
376 silly gunzTarPerm modified mode [ 'tools/node_modules/glob/node_modules/minimatch/node_modules/brace-expansion/node_modules/concat-map/example/map.js',
376 silly gunzTarPerm   436,
376 silly gunzTarPerm   420 ]
377 silly gunzTarPerm extractEntry tools/node_modules/glob/node_modules/minimatch/node_modules/brace-expansion/node_modules/concat-map/test/map.js
378 silly gunzTarPerm modified mode [ 'tools/node_modules/glob/node_modules/minimatch/node_modules/brace-expansion/node_modules/concat-map/test/map.js',
378 silly gunzTarPerm   436,
378 silly gunzTarPerm   420 ]
379 silly gunzTarPerm extractEntry tools/node_modules/glob/node_modules/once/package.json
380 silly gunzTarPerm modified mode [ 'tools/node_modules/glob/node_modules/once/package.json',
380 silly gunzTarPerm   436,
380 silly gunzTarPerm   420 ]
381 silly gunzTarPerm extractEntry tools/node_modules/glob/node_modules/once/README.md
382 silly gunzTarPerm modified mode [ 'tools/node_modules/glob/node_modules/once/README.md',
382 silly gunzTarPerm   436,
382 silly gunzTarPerm   420 ]
383 silly gunzTarPerm extractEntry tools/node_modules/glob/node_modules/once/LICENSE
384 silly gunzTarPerm modified mode [ 'tools/node_modules/glob/node_modules/once/LICENSE', 436, 420 ]
385 silly gunzTarPerm extractEntry tools/node_modules/glob/node_modules/once/once.js
386 silly gunzTarPerm modified mode [ 'tools/node_modules/glob/node_modules/once/once.js', 436, 420 ]
387 silly gunzTarPerm extractEntry tools/node_modules/glob/node_modules/once/test/once.js
388 silly gunzTarPerm modified mode [ 'tools/node_modules/glob/node_modules/once/test/once.js',
388 silly gunzTarPerm   436,
388 silly gunzTarPerm   420 ]
389 silly gunzTarPerm extractEntry tools/node_modules/glob/node_modules/once/node_modules/wrappy/package.json
390 silly gunzTarPerm modified mode [ 'tools/node_modules/glob/node_modules/once/node_modules/wrappy/package.json',
390 silly gunzTarPerm   436,
390 silly gunzTarPerm   420 ]
391 silly gunzTarPerm extractEntry tools/node_modules/glob/node_modules/once/node_modules/wrappy/README.md
392 silly gunzTarPerm modified mode [ 'tools/node_modules/glob/node_modules/once/node_modules/wrappy/README.md',
392 silly gunzTarPerm   436,
392 silly gunzTarPerm   420 ]
393 silly gunzTarPerm extractEntry tools/node_modules/glob/node_modules/once/node_modules/wrappy/LICENSE
394 silly gunzTarPerm modified mode [ 'tools/node_modules/glob/node_modules/once/node_modules/wrappy/LICENSE',
394 silly gunzTarPerm   436,
394 silly gunzTarPerm   420 ]
395 silly gunzTarPerm extractEntry tools/node_modules/glob/node_modules/once/node_modules/wrappy/wrappy.js
396 silly gunzTarPerm modified mode [ 'tools/node_modules/glob/node_modules/once/node_modules/wrappy/wrappy.js',
396 silly gunzTarPerm   436,
396 silly gunzTarPerm   420 ]
397 silly gunzTarPerm extractEntry tools/node_modules/glob/node_modules/once/node_modules/wrappy/test/basic.js
398 silly gunzTarPerm modified mode [ 'tools/node_modules/glob/node_modules/once/node_modules/wrappy/test/basic.js',
398 silly gunzTarPerm   436,
398 silly gunzTarPerm   420 ]
399 silly gunzTarPerm extractEntry tools/node_modules/glob/node_modules/path-is-absolute/package.json
400 silly gunzTarPerm modified mode [ 'tools/node_modules/glob/node_modules/path-is-absolute/package.json',
400 silly gunzTarPerm   436,
400 silly gunzTarPerm   420 ]
401 silly gunzTarPerm extractEntry tools/node_modules/glob/node_modules/path-is-absolute/index.js
402 silly gunzTarPerm modified mode [ 'tools/node_modules/glob/node_modules/path-is-absolute/index.js',
402 silly gunzTarPerm   436,
402 silly gunzTarPerm   420 ]
403 silly gunzTarPerm extractEntry tools/node_modules/glob/node_modules/path-is-absolute/license
404 silly gunzTarPerm modified mode [ 'tools/node_modules/glob/node_modules/path-is-absolute/license',
404 silly gunzTarPerm   436,
404 silly gunzTarPerm   420 ]
405 silly gunzTarPerm extractEntry tools/node_modules/glob/node_modules/path-is-absolute/readme.md
406 silly gunzTarPerm modified mode [ 'tools/node_modules/glob/node_modules/path-is-absolute/readme.md',
406 silly gunzTarPerm   436,
406 silly gunzTarPerm   420 ]
407 verbose write writing to /Users/grecoj/imaps-ng/node_modules/oracledb/node_modules/nan/package.json
408 info preinstall nan@1.9.0
409 verbose readDependencies loading dependencies from /Users/grecoj/imaps-ng/node_modules/oracledb/node_modules/nan/package.json
410 verbose readDependencies loading dependencies from /Users/grecoj/imaps-ng/node_modules/oracledb/node_modules/nan/package.json
411 silly install resolved []
412 verbose about to build /Users/grecoj/imaps-ng/node_modules/oracledb/node_modules/nan
413 info build /Users/grecoj/imaps-ng/node_modules/oracledb/node_modules/nan
414 info linkStuff nan@1.9.0
415 silly linkStuff nan@1.9.0 has /Users/grecoj/imaps-ng/node_modules/oracledb/node_modules as its parent node_modules
416 verbose linkBins nan@1.9.0
417 verbose linkMans nan@1.9.0
418 verbose rebuildBundles nan@1.9.0
419 info install nan@1.9.0
420 info postinstall nan@1.9.0
421 verbose unlock done using /Users/grecoj/.npm/_locks/nan-14b61bad52dcf471.lock for /Users/grecoj/imaps-ng/node_modules/oracledb/node_modules/nan
422 verbose about to build /Users/grecoj/imaps-ng/node_modules/oracledb
423 info build /Users/grecoj/imaps-ng/node_modules/oracledb
424 info linkStuff oracledb@1.1.0
425 silly linkStuff oracledb@1.1.0 has /Users/grecoj/imaps-ng/node_modules as its parent node_modules
426 verbose linkBins oracledb@1.1.0
427 verbose linkMans oracledb@1.1.0
428 verbose rebuildBundles oracledb@1.1.0
429 verbose rebuildBundles [ 'nan' ]
430 info install oracledb@1.1.0
431 verbose unsafe-perm in lifecycle true
432 info oracledb@1.1.0 Failed to exec install script
433 verbose unlock done using /Users/grecoj/.npm/_locks/oracledb-15de94183710cc12.lock for /Users/grecoj/imaps-ng/node_modules/oracledb
434 verbose stack Error: oracledb@1.1.0 install: `node-gyp rebuild`
434 verbose stack Exit status 1
434 verbose stack     at EventEmitter.<anonymous> (/usr/local/lib/node_modules/npm/lib/utils/lifecycle.js:213:16)
434 verbose stack     at EventEmitter.emit (events.js:98:17)
434 verbose stack     at ChildProcess.<anonymous> (/usr/local/lib/node_modules/npm/lib/utils/spawn.js:24:14)
434 verbose stack     at ChildProcess.emit (events.js:98:17)
434 verbose stack     at maybeClose (child_process.js:756:16)
434 verbose stack     at Process.ChildProcess._handle.onexit (child_process.js:823:5)
435 verbose pkgid oracledb@1.1.0
436 verbose cwd /Users/grecoj/imaps-ng
437 error Darwin 14.4.0
438 error argv "node" "/usr/local/bin/npm" "install" "oracledb"
439 error node v0.10.31
440 error npm  v2.11.3
441 error code ELIFECYCLE
442 error oracledb@1.1.0 install: `node-gyp rebuild`
442 error Exit status 1
443 error Failed at the oracledb@1.1.0 install script 'node-gyp rebuild'.
443 error This is most likely a problem with the oracledb package,
443 error not with npm itself.
443 error Tell the author that this fails on your system:
443 error     node-gyp rebuild
443 error You can get their info via:
443 error     npm owner ls oracledb
443 error There is likely additional logging output above.
444 verbose exit [ 1, true ]
445 verbose unbuild node_modules/oracledb
446 info preuninstall oracledb@1.1.0
447 info uninstall oracledb@1.1.0
448 verbose unbuild rmStuff oracledb@1.1.0 from /Users/grecoj/imaps-ng/node_modules
449 info postuninstall oracledb@1.1.0
450 silly gentlyRm /Users/grecoj/imaps-ng/node_modules/oracledb is being purged from base /Users/grecoj/imaps-ng
451 verbose gentlyRm don't care about contents; nuking /Users/grecoj/imaps-ng/node_modules/oracledb
452 silly vacuum-fs purging /Users/grecoj/imaps-ng/node_modules/oracledb
453 silly vacuum-fs removing /Users/grecoj/imaps-ng/node_modules
454 silly vacuum-fs finished vacuuming up to /Users/grecoj/imaps-ng
